# JRE version: Java(TM) SE Runtime Environment (8.0_121-b13) (build 1.8.0_121-b13)
# Java VM: Java HotSpot(TM) 64-Bit Server VM (25.121-b13 mixed mode windows-amd64 compressed oops)
Heap:
 PSYoungGen      total 226816K, used 192842K [0x00000000e0000000, 0x00000000f0880000, 0x0000000100000000)
  eden space 214528K, 84% used [0x00000000e0000000,0x00000000eb0a5300,0x00000000ed180000)
  from space 12288K, 97% used [0x00000000ed980000,0x00000000ee52d658,0x00000000ee580000)
  to   space 28160K, 0% used [0x00000000eed00000,0x00000000eed00000,0x00000000f0880000)
 ParOldGen       total 131072K, used 83918K [0x00000000a0000000, 0x00000000a8000000, 0x00000000e0000000)
  object space 131072K, 64% used [0x00000000a0000000,0x00000000a51f3ae0,0x00000000a8000000)
 Metaspace       used 68292K, capacity 73194K, committed 73364K, reserved 1112064K
  class space    used 9097K, capacity 9896K, committed 9916K, reserved 1048576K
GC Heap History (10 events):
Event: 8404.174 GC heap before
{Heap before GC invocations=22 (full 3):
 PSYoungGen      total 225280K, used 225067K [0x00000000e0000000, 0x00000000f2d80000, 0x0000000100000000)
  eden space 208896K, 100% used [0x00000000e0000000,0x00000000ecc00000,0x00000000ecc00000)
  from space 16384K, 98% used [0x00000000f1d80000,0x00000000f2d4ada0,0x00000000f2d80000)
  to   space 25088K, 0% used [0x00000000efc80000,0x00000000efc80000,0x00000000f1500000)
 ParOldGen       total 131072K, used 67004K [0x00000000a0000000, 0x00000000a8000000, 0x00000000e0000000)
  object space 131072K, 51% used [0x00000000a0000000,0x00000000a416f360,0x00000000a8000000)
 Metaspace       used 65564K, capacity 69492K, committed 69524K, reserved 1110016K
  class space    used 8682K, capacity 9393K, committed 9404K, reserved 1048576K
Event: 8404.199 GC heap after
Heap after GC invocations=22 (full 3):
 PSYoungGen      total 214016K, used 11842K [0x00000000e0000000, 0x00000000f1e00000, 0x0000000100000000)
  eden space 201728K, 0% used [0x00000000e0000000,0x00000000e0000000,0x00000000ec500000)
  from space 12288K, 96% used [0x00000000efc80000,0x00000000f0810b58,0x00000000f0880000)
  to   space 22016K, 0% used [0x00000000f0880000,0x00000000f0880000,0x00000000f1e00000)
 ParOldGen       total 131072K, used 72044K [0x00000000a0000000, 0x00000000a8000000, 0x00000000e0000000)
  object space 131072K, 54% used [0x00000000a0000000,0x00000000a465b370,0x00000000a8000000)
 Metaspace       used 65564K, capacity 69492K, committed 69524K, reserved 1110016K
  class space    used 8682K, capacity 9393K, committed 9404K, reserved 1048576K
}
Event: 8551.530 GC heap before
{Heap before GC invocations=23 (full 3):
 PSYoungGen      total 214016K, used 213570K [0x00000000e0000000, 0x00000000f1e00000, 0x0000000100000000)
  eden space 201728K, 100% used [0x00000000e0000000,0x00000000ec500000,0x00000000ec500000)
  from space 12288K, 96% used [0x00000000efc80000,0x00000000f0810b58,0x00000000f0880000)
  to   space 22016K, 0% used [0x00000000f0880000,0x00000000f0880000,0x00000000f1e00000)
 ParOldGen       total 131072K, used 72044K [0x00000000a0000000, 0x00000000a8000000, 0x00000000e0000000)
  object space 131072K, 54% used [0x00000000a0000000,0x00000000a465b370,0x00000000a8000000)
 Metaspace       used 65918K, capacity 70176K, committed 70420K, reserved 1110016K
  class space    used 8726K, capacity 9442K, committed 9532K, reserved 1048576K
Event: 8551.562 GC heap after
Heap after GC invocations=23 (full 3):
 PSYoungGen      total 214528K, used 19700K [0x00000000e0000000, 0x00000000f1c00000, 0x0000000100000000)
  eden space 194560K, 0% used [0x00000000e0000000,0x00000000e0000000,0x00000000ebe00000)
  from space 19968K, 98% used [0x00000000f0880000,0x00000000f1bbd208,0x00000000f1c00000)
  to   space 25600K, 0% used [0x00000000eea00000,0x00000000eea00000,0x00000000f0300000)
 ParOldGen       total 131072K, used 72928K [0x00000000a0000000, 0x00000000a8000000, 0x00000000e0000000)
  object space 131072K, 55% used [0x00000000a0000000,0x00000000a4738390,0x00000000a8000000)
 Metaspace       used 65918K, capacity 70176K, committed 70420K, reserved 1110016K
  class space    used 8726K, capacity 9442K, committed 9532K, reserved 1048576K
}
Event: 8556.373 GC heap before
{Heap before GC invocations=24 (full 3):
 PSYoungGen      total 214528K, used 214260K [0x00000000e0000000, 0x00000000f1c00000, 0x0000000100000000)
  eden space 194560K, 100% used [0x00000000e0000000,0x00000000ebe00000,0x00000000ebe00000)
  from space 19968K, 98% used [0x00000000f0880000,0x00000000f1bbd208,0x00000000f1c00000)
  to   space 25600K, 0% used [0x00000000eea00000,0x00000000eea00000,0x00000000f0300000)
 ParOldGen       total 131072K, used 72928K [0x00000000a0000000, 0x00000000a8000000, 0x00000000e0000000)
  object space 131072K, 55% used [0x00000000a0000000,0x00000000a4738390,0x00000000a8000000)
 Metaspace       used 66073K, capacity 70240K, committed 70420K, reserved 1110016K
  class space    used 8727K, capacity 9442K, committed 9532K, reserved 1048576K
Event: 8556.387 GC heap after
Heap after GC invocations=24 (full 3):
 PSYoungGen      total 200192K, used 12191K [0x00000000e0000000, 0x00000000f0900000, 0x0000000100000000)
  eden space 187904K, 0% used [0x00000000e0000000,0x00000000e0000000,0x00000000eb780000)
  from space 12288K, 99% used [0x00000000eea00000,0x00000000ef5e7f30,0x00000000ef600000)
  to   space 19456K, 0% used [0x00000000ef600000,0x00000000ef600000,0x00000000f0900000)
 ParOldGen       total 131072K, used 72936K [0x00000000a0000000, 0x00000000a8000000, 0x00000000e0000000)
  object space 131072K, 55% used [0x00000000a0000000,0x00000000a473a390,0x00000000a8000000)
 Metaspace       used 66073K, capacity 70240K, committed 70420K, reserved 1110016K
  class space    used 8727K, capacity 9442K, committed 9532K, reserved 1048576K
}
Event: 8557.506 GC heap before
{Heap before GC invocations=25 (full 3):
 PSYoungGen      total 200192K, used 200095K [0x00000000e0000000, 0x00000000f0900000, 0x0000000100000000)
  eden space 187904K, 100% used [0x00000000e0000000,0x00000000eb780000,0x00000000eb780000)
  from space 12288K, 99% used [0x00000000eea00000,0x00000000ef5e7f30,0x00000000ef600000)
  to   space 19456K, 0% used [0x00000000ef600000,0x00000000ef600000,0x00000000f0900000)
 ParOldGen       total 131072K, used 72936K [0x00000000a0000000, 0x00000000a8000000, 0x00000000e0000000)
  object space 131072K, 55% used [0x00000000a0000000,0x00000000a473a390,0x00000000a8000000)
 Metaspace       used 66073K, capacity 70240K, committed 70420K, reserved 1110016K
  class space    used 8727K, capacity 9442K, committed 9532K, reserved 1048576K
Event: 8557.544 GC heap after
Heap after GC invocations=25 (full 3):
 PSYoungGen      total 242176K, used 19425K [0x00000000e0000000, 0x00000000f2200000, 0x0000000100000000)
  eden space 222720K, 0% used [0x00000000e0000000,0x00000000e0000000,0x00000000ed980000)
  from space 19456K, 99% used [0x00000000ef600000,0x00000000f08f8530,0x00000000f0900000)
  to   space 29184K, 0% used [0x00000000ed980000,0x00000000ed980000,0x00000000ef600000)
 ParOldGen       total 131072K, used 81906K [0x00000000a0000000, 0x00000000a8000000, 0x00000000e0000000)
  object space 131072K, 62% used [0x00000000a0000000,0x00000000a4ffca40,0x00000000a8000000)
 Metaspace       used 66073K, capacity 70240K, committed 70420K, reserved 1110016K
  class space    used 8727K, capacity 9442K, committed 9532K, reserved 1048576K
}
Event: 8834.272 GC heap before
{Heap before GC invocations=26 (full 3):
 PSYoungGen      total 242176K, used 242145K [0x00000000e0000000, 0x00000000f2200000, 0x0000000100000000)
  eden space 222720K, 100% used [0x00000000e0000000,0x00000000ed980000,0x00000000ed980000)
  from space 19456K, 99% used [0x00000000ef600000,0x00000000f08f8530,0x00000000f0900000)
  to   space 29184K, 0% used [0x00000000ed980000,0x00000000ed980000,0x00000000ef600000)
 ParOldGen       total 131072K, used 81906K [0x00000000a0000000, 0x00000000a8000000, 0x00000000e0000000)
  object space 131072K, 62% used [0x00000000a0000000,0x00000000a4ffca40,0x00000000a8000000)
 Metaspace       used 67799K, capacity 72582K, committed 72852K, reserved 1112064K
  class space    used 9015K, capacity 9794K, committed 9916K, reserved 1048576K
Event: 8834.290 GC heap after
Heap after GC invocations=26 (full 3):
 PSYoungGen      total 226816K, used 11957K [0x00000000e0000000, 0x00000000f0880000, 0x0000000100000000)
  eden space 214528K, 0% used [0x00000000e0000000,0x00000000e0000000,0x00000000ed180000)
  from space 12288K, 97% used [0x00000000ed980000,0x00000000ee52d658,0x00000000ee580000)
  to   space 28160K, 0% used [0x00000000eed00000,0x00000000eed00000,0x00000000f0880000)
 ParOldGen       total 131072K, used 83918K [0x00000000a0000000, 0x00000000a8000000, 0x00000000e0000000)
  object space 131072K, 64% used [0x00000000a0000000,0x00000000a51f3ae0,0x00000000a8000000)
 Metaspace       used 67799K, capacity 72582K, committed 72852K, reserved 1112064K
  class space    used 9015K, capacity 9794K, committed 9916K, reserved 1048576K
}

